android/app/build/intermediates/manifest_merge_blame_file/debug/manifest-merger-blame-debug-report.txt
1<?xml version="1.0" encoding="utf-8"?>
2<manifest xmlns:android="http://schemas.android.com/apk/res/android"
3    package="com.awesomeproject"
4    android:versionCode="1"
5    android:versionName="1.0" >
6
7    <uses-sdk
8        android:minSdkVersion="16"
9        android:targetSdkVersion="28" />
10
11    <uses-permission android:name="android.permission.SYSTEM_ALERT_WINDOW" />
11-->src/main/AndroidManifest.xml:5:5-77
11-->src/main/AndroidManifest.xml:5:22-75
12    <uses-permission android:name="android.permission.INTERNET" />
12-->src/main/AndroidManifest.xml:4:5-67
12-->src/main/AndroidManifest.xml:4:22-64
13    <uses-permission android:name="android.permission.ACCESS_WIFI_STATE" /> <!-- Create a unique permission for your app and use it so only your app can receive your OneSignal messages. -->
13-->[com.facebook.flipper:flipper:0.33.1] AndroidManifest.xml:16:5-76
13-->[com.facebook.flipper:flipper:0.33.1] AndroidManifest.xml:16:22-73
14    <permission
14-->[com.onesignal:OneSignal:3.13.2] AndroidManifest.xml:7:5-9:47
15        android:name="com.awesomeproject.permission.C2D_MESSAGE"
15-->[com.onesignal:OneSignal:3.13.2] AndroidManifest.xml:8:9-63
16        android:protectionLevel="signature" />
16-->[com.onesignal:OneSignal:3.13.2] AndroidManifest.xml:9:9-44
17
18    <uses-permission android:name="com.awesomeproject.permission.C2D_MESSAGE" />
18-->[com.onesignal:OneSignal:3.13.2] AndroidManifest.xml:11:5-79
18-->[com.onesignal:OneSignal:3.13.2] AndroidManifest.xml:11:22-76
19    <uses-permission android:name="com.google.android.c2dm.permission.RECEIVE" /> <!-- Required, makes sure notifications are delivered on time. -->
19-->[com.onesignal:OneSignal:3.13.2] AndroidManifest.xml:17:5-82
19-->[com.onesignal:OneSignal:3.13.2] AndroidManifest.xml:17:22-79
20    <uses-permission android:name="android.permission.WAKE_LOCK" />
20-->[com.onesignal:OneSignal:3.13.2] AndroidManifest.xml:18:5-68
20-->[com.onesignal:OneSignal:3.13.2] AndroidManifest.xml:18:22-65
21    <!--
22 Required so the device vibrates on receiving a push notification.
23         Vibration settings of the device still apply.
24    -->
25    <uses-permission android:name="android.permission.VIBRATE" />
25-->[com.onesignal:OneSignal:3.13.2] AndroidManifest.xml:23:5-66
25-->[com.onesignal:OneSignal:3.13.2] AndroidManifest.xml:23:22-63
26    <uses-permission android:name="android.permission.ACCESS_NETWORK_STATE" />
26-->[com.onesignal:OneSignal:3.13.2] AndroidManifest.xml:24:5-79
26-->[com.onesignal:OneSignal:3.13.2] AndroidManifest.xml:24:22-76
27    <!--
28 Use to restore notifications the user hasn't interacted with.
29         They could be missed notifications if the user reboots their device if this isn't in place.
30    -->
31    <uses-permission android:name="android.permission.RECEIVE_BOOT_COMPLETED" /> <!-- START: ShortcutBadger -->
31-->[com.onesignal:OneSignal:3.13.2] AndroidManifest.xml:29:5-81
31-->[com.onesignal:OneSignal:3.13.2] AndroidManifest.xml:29:22-78
32    <!-- Samsung -->
33    <uses-permission android:name="com.sec.android.provider.badge.permission.READ" />
33-->[com.onesignal:OneSignal:3.13.2] AndroidManifest.xml:31:5-86
33-->[com.onesignal:OneSignal:3.13.2] AndroidManifest.xml:31:22-83
34    <uses-permission android:name="com.sec.android.provider.badge.permission.WRITE" /> <!-- HTC -->
34-->[com.onesignal:OneSignal:3.13.2] AndroidManifest.xml:32:5-87
34-->[com.onesignal:OneSignal:3.13.2] AndroidManifest.xml:32:22-84
35    <uses-permission android:name="com.htc.launcher.permission.READ_SETTINGS" />
35-->[com.onesignal:OneSignal:3.13.2] AndroidManifest.xml:33:5-81
35-->[com.onesignal:OneSignal:3.13.2] AndroidManifest.xml:33:22-78
36    <uses-permission android:name="com.htc.launcher.permission.UPDATE_SHORTCUT" /> <!-- Sony -->
36-->[com.onesignal:OneSignal:3.13.2] AndroidManifest.xml:34:5-83
36-->[com.onesignal:OneSignal:3.13.2] AndroidManifest.xml:34:22-80
37    <uses-permission android:name="com.sonyericsson.home.permission.BROADCAST_BADGE" />
37-->[com.onesignal:OneSignal:3.13.2] AndroidManifest.xml:35:5-88
37-->[com.onesignal:OneSignal:3.13.2] AndroidManifest.xml:35:22-85
38    <uses-permission android:name="com.sonymobile.home.permission.PROVIDER_INSERT_BADGE" /> <!-- Apex -->
38-->[com.onesignal:OneSignal:3.13.2] AndroidManifest.xml:36:5-92
38-->[com.onesignal:OneSignal:3.13.2] AndroidManifest.xml:36:22-89
39    <uses-permission android:name="com.anddoes.launcher.permission.UPDATE_COUNT" /> <!-- Solid -->
39-->[com.onesignal:OneSignal:3.13.2] AndroidManifest.xml:37:5-84
39-->[com.onesignal:OneSignal:3.13.2] AndroidManifest.xml:37:22-81
40    <uses-permission android:name="com.majeur.launcher.permission.UPDATE_BADGE" /> <!-- Huawei -->
40-->[com.onesignal:OneSignal:3.13.2] AndroidManifest.xml:38:5-83
40-->[com.onesignal:OneSignal:3.13.2] AndroidManifest.xml:38:22-80
41    <uses-permission android:name="com.huawei.android.launcher.permission.CHANGE_BADGE" />
41-->[com.onesignal:OneSignal:3.13.2] AndroidManifest.xml:39:5-91
41-->[com.onesignal:OneSignal:3.13.2] AndroidManifest.xml:39:22-88
42    <uses-permission android:name="com.huawei.android.launcher.permission.READ_SETTINGS" />
42-->[com.onesignal:OneSignal:3.13.2] AndroidManifest.xml:40:5-92
42-->[com.onesignal:OneSignal:3.13.2] AndroidManifest.xml:40:22-89
43    <uses-permission android:name="com.huawei.android.launcher.permission.WRITE_SETTINGS" /> <!-- ZUK -->
43-->[com.onesignal:OneSignal:3.13.2] AndroidManifest.xml:41:5-93
43-->[com.onesignal:OneSignal:3.13.2] AndroidManifest.xml:41:22-90
44    <uses-permission android:name="android.permission.READ_APP_BADGE" /> <!-- OPPO -->
44-->[com.onesignal:OneSignal:3.13.2] AndroidManifest.xml:42:5-73
44-->[com.onesignal:OneSignal:3.13.2] AndroidManifest.xml:42:22-70
45    <uses-permission android:name="com.oppo.launcher.permission.READ_SETTINGS" />
45-->[com.onesignal:OneSignal:3.13.2] AndroidManifest.xml:43:5-82
45-->[com.onesignal:OneSignal:3.13.2] AndroidManifest.xml:43:22-79
46    <uses-permission android:name="com.oppo.launcher.permission.WRITE_SETTINGS" /> <!-- EvMe -->
46-->[com.onesignal:OneSignal:3.13.2] AndroidManifest.xml:44:5-83
46-->[com.onesignal:OneSignal:3.13.2] AndroidManifest.xml:44:22-80
47    <uses-permission android:name="me.everything.badger.permission.BADGE_COUNT_READ" />
47-->[com.onesignal:OneSignal:3.13.2] AndroidManifest.xml:45:5-88
47-->[com.onesignal:OneSignal:3.13.2] AndroidManifest.xml:45:22-85
48    <uses-permission android:name="me.everything.badger.permission.BADGE_COUNT_WRITE" />
48-->[com.onesignal:OneSignal:3.13.2] AndroidManifest.xml:46:5-89
48-->[com.onesignal:OneSignal:3.13.2] AndroidManifest.xml:46:22-86
49
50    <application
50-->src/main/AndroidManifest.xml:7:5-26:19
51        android:name="com.awesomeproject.MainApplication"
51-->src/main/AndroidManifest.xml:8:7-38
52        android:allowBackup="false"
52-->src/main/AndroidManifest.xml:12:7-34
53        android:appComponentFactory="androidx.core.app.CoreComponentFactory"
53-->[androidx.core:core:1.1.0] AndroidManifest.xml:24:18-86
54        android:debuggable="true"
55        android:icon="@mipmap/ic_launcher"
55-->src/main/AndroidManifest.xml:10:7-41
56        android:label="@string/app_name"
56-->src/main/AndroidManifest.xml:9:7-39
57        android:roundIcon="@mipmap/ic_launcher_round"
57-->src/main/AndroidManifest.xml:11:7-52
58        android:theme="@style/AppTheme"
58-->src/main/AndroidManifest.xml:13:7-38
59        android:usesCleartextTraffic="true" >
59-->src/debug/AndroidManifest.xml:7:18-53
60        <activity
60-->src/main/AndroidManifest.xml:14:7-24:18
61            android:name="com.awesomeproject.MainActivity"
61-->src/main/AndroidManifest.xml:15:9-37
62            android:configChanges="keyboard|keyboardHidden|orientation|screenSize|uiMode"
62-->src/main/AndroidManifest.xml:17:9-86
63            android:label="@string/app_name"
63-->src/main/AndroidManifest.xml:16:9-41
64            android:launchMode="singleTop"
64-->src/main/AndroidManifest.xml:18:9-39
65            android:windowSoftInputMode="adjustResize" >
65-->src/main/AndroidManifest.xml:19:9-51
66            <intent-filter>
66-->src/main/AndroidManifest.xml:20:9-23:25
67                <action android:name="android.intent.action.MAIN" />
67-->src/main/AndroidManifest.xml:21:13-65
67-->src/main/AndroidManifest.xml:21:21-62
68
69                <category android:name="android.intent.category.LAUNCHER" />
69-->src/main/AndroidManifest.xml:22:13-73
69-->src/main/AndroidManifest.xml:22:23-70
70            </intent-filter>
71        </activity>
72        <activity android:name="com.facebook.react.devsupport.DevSettingsActivity" />
72-->src/main/AndroidManifest.xml:25:7-84
72-->src/main/AndroidManifest.xml:25:17-81
73
74        <meta-data
74-->[com.onesignal:OneSignal:3.13.2] AndroidManifest.xml:49:9-51:51
75            android:name="onesignal_app_id"
75-->[com.onesignal:OneSignal:3.13.2] AndroidManifest.xml:50:13-44
76            android:value="" /> <!-- Deprecated - Pulled from OneSignal dashboard. -->
76-->[com.onesignal:OneSignal:3.13.2] AndroidManifest.xml:51:13-48
77        <meta-data
77-->[com.onesignal:OneSignal:3.13.2] AndroidManifest.xml:53:9-55:70
78            android:name="onesignal_google_project_number"
78-->[com.onesignal:OneSignal:3.13.2] AndroidManifest.xml:54:13-59
79            android:value="str:REMOTE" />
79-->[com.onesignal:OneSignal:3.13.2] AndroidManifest.xml:55:13-67
80
81        <receiver
81-->[com.onesignal:OneSignal:3.13.2] AndroidManifest.xml:57:9-67:20
82            android:name="com.onesignal.GcmBroadcastReceiver"
82-->[com.onesignal:OneSignal:3.13.2] AndroidManifest.xml:58:13-62
83            android:permission="com.google.android.c2dm.permission.SEND" >
83-->[com.onesignal:OneSignal:3.13.2] AndroidManifest.xml:59:13-73
84
85            <!-- High priority so OneSignal payloads can be filtered from other GCM receivers if filterOtherGCMReceivers is enabled. -->
86            <intent-filter android:priority="999" >
86-->[com.onesignal:OneSignal:3.13.2] AndroidManifest.xml:62:13-66:29
86-->[com.onesignal:OneSignal:3.13.2] AndroidManifest.xml:62:28-50
87                <action android:name="com.google.android.c2dm.intent.RECEIVE" />
87-->[com.onesignal:OneSignal:3.13.2] AndroidManifest.xml:63:17-81
87-->[com.onesignal:OneSignal:3.13.2] AndroidManifest.xml:63:25-78
88
89                <category android:name="com.awesomeproject" />
89-->[com.onesignal:OneSignal:3.13.2] AndroidManifest.xml:65:17-61
89-->[com.onesignal:OneSignal:3.13.2] AndroidManifest.xml:65:27-58
90            </intent-filter>
91        </receiver>
92        <receiver android:name="com.onesignal.NotificationOpenedReceiver" />
92-->[com.onesignal:OneSignal:3.13.2] AndroidManifest.xml:68:9-77
92-->[com.onesignal:OneSignal:3.13.2] AndroidManifest.xml:68:19-74
93
94        <service android:name="com.onesignal.GcmIntentService" />
94-->[com.onesignal:OneSignal:3.13.2] AndroidManifest.xml:70:9-66
94-->[com.onesignal:OneSignal:3.13.2] AndroidManifest.xml:70:18-63
95        <service
95-->[com.onesignal:OneSignal:3.13.2] AndroidManifest.xml:71:9-73:72
96            android:name="com.onesignal.GcmIntentJobService"
96-->[com.onesignal:OneSignal:3.13.2] AndroidManifest.xml:72:13-61
97            android:permission="android.permission.BIND_JOB_SERVICE" />
97-->[com.onesignal:OneSignal:3.13.2] AndroidManifest.xml:73:13-69
98        <service
98-->[com.onesignal:OneSignal:3.13.2] AndroidManifest.xml:74:9-76:72
99            android:name="com.onesignal.RestoreJobService"
99-->[com.onesignal:OneSignal:3.13.2] AndroidManifest.xml:75:13-59
100            android:permission="android.permission.BIND_JOB_SERVICE" />
100-->[com.onesignal:OneSignal:3.13.2] AndroidManifest.xml:76:13-69
101        <service
101-->[com.onesignal:OneSignal:3.13.2] AndroidManifest.xml:77:9-79:72
102            android:name="com.onesignal.RestoreKickoffJobService"
102-->[com.onesignal:OneSignal:3.13.2] AndroidManifest.xml:78:13-66
103            android:permission="android.permission.BIND_JOB_SERVICE" />
103-->[com.onesignal:OneSignal:3.13.2] AndroidManifest.xml:79:13-69
104        <service
104-->[com.onesignal:OneSignal:3.13.2] AndroidManifest.xml:80:9-82:43
105            android:name="com.onesignal.SyncService"
105-->[com.onesignal:OneSignal:3.13.2] AndroidManifest.xml:81:13-53
106            android:stopWithTask="true" />
106-->[com.onesignal:OneSignal:3.13.2] AndroidManifest.xml:82:13-40
107        <service
107-->[com.onesignal:OneSignal:3.13.2] AndroidManifest.xml:83:9-85:72
108            android:name="com.onesignal.SyncJobService"
108-->[com.onesignal:OneSignal:3.13.2] AndroidManifest.xml:84:13-56
109            android:permission="android.permission.BIND_JOB_SERVICE" />
109-->[com.onesignal:OneSignal:3.13.2] AndroidManifest.xml:85:13-69
110
111        <activity
111-->[com.onesignal:OneSignal:3.13.2] AndroidManifest.xml:87:9-89:75
112            android:name="com.onesignal.PermissionsActivity"
112-->[com.onesignal:OneSignal:3.13.2] AndroidManifest.xml:88:13-61
113            android:theme="@android:style/Theme.Translucent.NoTitleBar" />
113-->[com.onesignal:OneSignal:3.13.2] AndroidManifest.xml:89:13-72
114
115        <service android:name="com.onesignal.NotificationRestoreService" />
115-->[com.onesignal:OneSignal:3.13.2] AndroidManifest.xml:91:9-76
115-->[com.onesignal:OneSignal:3.13.2] AndroidManifest.xml:91:18-73
116
117        <receiver android:name="com.onesignal.BootUpReceiver" >
117-->[com.onesignal:OneSignal:3.13.2] AndroidManifest.xml:93:9-98:20
117-->[com.onesignal:OneSignal:3.13.2] AndroidManifest.xml:93:19-62
118            <intent-filter>
118-->[com.onesignal:OneSignal:3.13.2] AndroidManifest.xml:94:13-97:29
119                <action android:name="android.intent.action.BOOT_COMPLETED" />
119-->[com.onesignal:OneSignal:3.13.2] AndroidManifest.xml:95:17-79
119-->[com.onesignal:OneSignal:3.13.2] AndroidManifest.xml:95:25-76
120                <action android:name="android.intent.action.QUICKBOOT_POWERON" />
120-->[com.onesignal:OneSignal:3.13.2] AndroidManifest.xml:96:17-82
120-->[com.onesignal:OneSignal:3.13.2] AndroidManifest.xml:96:25-79
121            </intent-filter>
122        </receiver>
123        <receiver android:name="com.onesignal.UpgradeReceiver" >
123-->[com.onesignal:OneSignal:3.13.2] AndroidManifest.xml:99:9-103:20
123-->[com.onesignal:OneSignal:3.13.2] AndroidManifest.xml:99:19-63
124            <intent-filter>
124-->[com.onesignal:OneSignal:3.13.2] AndroidManifest.xml:100:13-102:29
125                <action android:name="android.intent.action.MY_PACKAGE_REPLACED" />
125-->[com.onesignal:OneSignal:3.13.2] AndroidManifest.xml:101:17-84
125-->[com.onesignal:OneSignal:3.13.2] AndroidManifest.xml:101:25-81
126            </intent-filter>
127        </receiver>
128        <!--
129             FirebaseMessagingService performs security checks at runtime,
130             no need for explicit permissions despite exported="true"
131        -->
132        <service
132-->[com.google.firebase:firebase-messaging:17.3.3] AndroidManifest.xml:28:9-34:19
133            android:name="com.google.firebase.messaging.FirebaseMessagingService"
133-->[com.google.firebase:firebase-messaging:17.3.3] AndroidManifest.xml:29:13-82
134            android:exported="true" >
134-->[com.google.firebase:firebase-messaging:17.3.3] AndroidManifest.xml:30:13-36
135            <intent-filter android:priority="-500" >
135-->[com.google.firebase:firebase-messaging:17.3.3] AndroidManifest.xml:31:13-33:29
135-->[com.google.firebase:firebase-messaging:17.3.3] AndroidManifest.xml:31:28-51
136                <action android:name="com.google.firebase.MESSAGING_EVENT" />
136-->[com.google.firebase:firebase-messaging:17.3.3] AndroidManifest.xml:32:17-78
136-->[com.google.firebase:firebase-messaging:17.3.3] AndroidManifest.xml:32:25-75
137            </intent-filter>
138        </service>
139        <service
139-->[com.google.firebase:firebase-iid:17.0.3] AndroidManifest.xml:29:9-35:19
140            android:name="com.google.firebase.components.ComponentDiscoveryService"
140-->[com.google.firebase:firebase-iid:17.0.3] AndroidManifest.xml:30:13-84
141            android:exported="false" >
141-->[com.google.firebase:firebase-iid:17.0.3] AndroidManifest.xml:31:13-37
142            <meta-data
142-->[com.google.firebase:firebase-iid:17.0.3] AndroidManifest.xml:32:13-34:85
143                android:name="com.google.firebase.components:com.google.firebase.iid.Registrar"
143-->[com.google.firebase:firebase-iid:17.0.3] AndroidManifest.xml:33:17-96
144                android:value="com.google.firebase.components.ComponentRegistrar" />
144-->[com.google.firebase:firebase-iid:17.0.3] AndroidManifest.xml:34:17-82
145        </service>
146
147        <receiver
147-->[com.google.firebase:firebase-iid:17.0.3] AndroidManifest.xml:37:9-44:20
148            android:name="com.google.firebase.iid.FirebaseInstanceIdReceiver"
148-->[com.google.firebase:firebase-iid:17.0.3] AndroidManifest.xml:38:13-78
149            android:exported="true"
149-->[com.google.firebase:firebase-iid:17.0.3] AndroidManifest.xml:39:13-36
150            android:permission="com.google.android.c2dm.permission.SEND" >
150-->[com.google.firebase:firebase-iid:17.0.3] AndroidManifest.xml:40:13-73
151            <intent-filter>
151-->[com.google.firebase:firebase-iid:17.0.3] AndroidManifest.xml:41:13-43:29
152                <action android:name="com.google.android.c2dm.intent.RECEIVE" />
152-->[com.onesignal:OneSignal:3.13.2] AndroidManifest.xml:63:17-81
152-->[com.onesignal:OneSignal:3.13.2] AndroidManifest.xml:63:25-78
153            </intent-filter>
154        </receiver>
155        <!--
156             FirebaseInstanceIdService performs security checks at runtime,
157             no need for explicit permissions despite exported="true"
158        -->
159        <service
159-->[com.google.firebase:firebase-iid:17.0.3] AndroidManifest.xml:50:9-56:19
160            android:name="com.google.firebase.iid.FirebaseInstanceIdService"
160-->[com.google.firebase:firebase-iid:17.0.3] AndroidManifest.xml:51:13-77
161            android:exported="true" >
161-->[com.google.firebase:firebase-iid:17.0.3] AndroidManifest.xml:52:13-36
162            <intent-filter android:priority="-500" >
162-->[com.google.firebase:firebase-iid:17.0.3] AndroidManifest.xml:53:13-55:29
162-->[com.google.firebase:firebase-iid:17.0.3] AndroidManifest.xml:53:28-51
163                <action android:name="com.google.firebase.INSTANCE_ID_EVENT" />
163-->[com.google.firebase:firebase-iid:17.0.3] AndroidManifest.xml:54:17-80
163-->[com.google.firebase:firebase-iid:17.0.3] AndroidManifest.xml:54:25-77
164            </intent-filter>
165        </service>
166
167        <provider
167-->[com.google.firebase:firebase-common:16.0.3] AndroidManifest.xml:10:9-14:39
168            android:name="com.google.firebase.provider.FirebaseInitProvider"
168-->[com.google.firebase:firebase-common:16.0.3] AndroidManifest.xml:11:13-77
169            android:authorities="com.awesomeproject.firebaseinitprovider"
169-->[com.google.firebase:firebase-common:16.0.3] AndroidManifest.xml:12:13-72
170            android:exported="false"
170-->[com.google.firebase:firebase-common:16.0.3] AndroidManifest.xml:13:13-37
171            android:initOrder="100" />
171-->[com.google.firebase:firebase-common:16.0.3] AndroidManifest.xml:14:13-36
172
173        <activity
173-->[com.google.android.gms:play-services-base:16.0.1] AndroidManifest.xml:23:9-26:75
174            android:name="com.google.android.gms.common.api.GoogleApiActivity"
174-->[com.google.android.gms:play-services-base:16.0.1] AndroidManifest.xml:24:13-79
175            android:exported="false"
175-->[com.google.android.gms:play-services-base:16.0.1] AndroidManifest.xml:25:13-37
176            android:theme="@android:style/Theme.Translucent.NoTitleBar" />
176-->[com.google.android.gms:play-services-base:16.0.1] AndroidManifest.xml:26:13-72
177
178        <meta-data
178-->[com.google.android.gms:play-services-basement:16.0.1] AndroidManifest.xml:23:9-25:69
179            android:name="com.google.android.gms.version"
179-->[com.google.android.gms:play-services-basement:16.0.1] AndroidManifest.xml:24:13-58
180            android:value="@integer/google_play_services_version" />
180-->[com.google.android.gms:play-services-basement:16.0.1] AndroidManifest.xml:25:13-66
181    </application>
182
183</manifest>